<!DOCTYPE html PUBLIC "-//W3C//DTD XHTML 1.1//EN" "http://www.w3.org/TR/xhtml11/DTD/xhtml11.dtd">
<html xmlns="http://www.w3.org/1999/xhtml">
<head>
<meta http-equiv="content-type" content="text/html; charset=UTF-8"/>
<title>TestNG Report</title>
<style type="text/css">table {margin-bottom:10px;border-collapse:collapse;empty-cells:show}th,td {border:1px solid #009;padding:.25em .5em}th {vertical-align:bottom}td {vertical-align:top}table a {font-weight:bold}.stripe td {background-color: #E6EBF9}.num {text-align:right}.passedodd td {background-color: #3F3}.passedeven td {background-color: #0A0}.skippedodd td {background-color: #DDD}.skippedeven td {background-color: #CCC}.failedodd td,.attn {background-color: #F33}.failedeven td,.stripe .attn {background-color: #D00}.stacktrace {white-space:pre;font-family:monospace}.totop {font-size:85%;text-align:center;border-bottom:2px solid #000}.invisible {display:none}</style>
</head>
<body>
<table>
<tr><th>Test</th><th># Passed</th><th># Skipped</th><th># Failed</th><th>Time (ms)</th><th>Included Groups</th><th>Excluded Groups</th></tr>
<tr><th colspan="7">Default suite</th></tr>
<tr><td><a href="#t0">Default test</a></td><td class="num">0</td><td class="num attn">1</td><td class="num">0</td><td class="num">46,338</td><td></td><td></td></tr>
</table>
<table id='summary'><thead><tr><th>Class</th><th>Method</th><th>Start</th><th>Time (ms)</th></tr></thead><tbody><tr><th colspan="4">Default suite</th></tr></tbody><tbody id="t0"><tr><th colspan="4">Default test &#8212; failed (configuration methods)</th></tr><tr class="failedeven"><td rowspan="1">testng_FramWork.Login</td><td><a href="#m0">beforeTest</a></td><td rowspan="1">1558530384343</td><td rowspan="1">46314</td></tr><tr><th colspan="4">Default test &#8212; skipped (configuration methods)</th></tr><tr class="skippedeven"><td rowspan="1">testng_FramWork.Login</td><td><a href="#m1">afterTest</a></td><td rowspan="1">1558530430678</td><td rowspan="1">0</td></tr><tr><th colspan="4">Default test &#8212; skipped</th></tr><tr class="skippedeven"><td rowspan="1">testng_FramWork.Login</td><td><a href="#m2">Search</a></td><td rowspan="1">1558530430674</td><td rowspan="1">0</td></tr></tbody>
</table>
<h2>Default test</h2><h3 id="m0">testng_FramWork.Login#beforeTest</h3><table class="result"><tr><th>Exception</th></tr><tr><td><div class="stacktrace">org.openqa.selenium.WebDriverException: Failed to connect to binary FirefoxBinary(C:\Program Files\Mozilla Firefox\firefox.exe) on port 7055; process output follows: 
54	addons.xpi	DEBUG	Calling bootstrap method startup on screenshots@mozilla.org version 35.0.0
1558530385554	addons.xpi	DEBUG	Calling bootstrap method startup on webcompat@mozilla.org version 3.0.2
1558530385556	addons.manager	DEBUG	Registering shutdown blocker for XPIProvider
1558530385556	addons.manager	DEBUG	Provider finished startup: XPIProvider
1558530385556	addons.manager	DEBUG	Starting provider: LightweightThemeManager
1558530385556	addons.manager	DEBUG	Registering shutdown blocker for LightweightThemeManager
1558530385556	addons.manager	DEBUG	Provider finished startup: LightweightThemeManager
1558530385556	addons.manager	DEBUG	Starting provider: GMPProvider
1558530385559	addons.manager	DEBUG	Registering shutdown blocker for GMPProvider
1558530385559	addons.manager	DEBUG	Provider finished startup: GMPProvider
1558530385559	addons.manager	DEBUG	Starting provider: PluginProvider
1558530385559	addons.manager	DEBUG	Registering shutdown blocker for PluginProvider
1558530385559	addons.manager	DEBUG	Provider finished startup: PluginProvider
1558530385562	addons.manager	DEBUG	Completed startup sequence
1558530386558	addons.repository	DEBUG	No addons.json found.
1558530387198	addons.manager	DEBUG	Registering upgrade listener for formautofill@mozilla.org
1558530387276	addons.xpi	DEBUG	Ignoring file: name is not a valid add-on ID: C:\Users\HP\AppData\Local\Temp\anonymous2304941973705155483webdriver-profile\extensions\webdriver-staging
1558530387277	addons.xpi	DEBUG	Existing add-on formautofill@mozilla.org in app-system-defaults
1558530387277	addons.xpi	DEBUG	Existing add-on screenshots@mozilla.org in app-system-defaults
1558530387277	addons.xpi	DEBUG	Existing add-on webcompat-reporter@mozilla.org in app-system-defaults
1558530387277	addons.xpi	DEBUG	Existing add-on webcompat@mozilla.org in app-system-defaults
1558530387277	addons.xpi	DEBUG	scanForChanges changed: false, state: {}
JavaScript error: resource://gre/modules/addons/XPIProvider.jsm, line 2614: TypeError: addon is null
1558530389962	addons.xpi	DEBUG	Calling bootstrap method shutdown on webcompat@mozilla.org version 3.0.2
1558530389964	addons.xpi	DEBUG	Calling bootstrap method shutdown on screenshots@mozilla.org version 35.0.0
1558530389966	addons.xpi	DEBUG	Calling bootstrap method shutdown on formautofill@mozilla.org version 1.0
[Parent 14120, Gecko_IOThread] WARNING: pipe error: 109: file z:/build/build/src/ipc/chromium/src/chrome/common/ipc_channel_win.cc, line 332
[Child 18812, Chrome_ChildThread] WARNING: pipe error: 109: file z:/build/build/src/ipc/chromium/src/chrome/common/ipc_channel_win.cc, line 332
[Child 18812, Chrome_ChildThread] WARNING: pipe error: 109: file z:/build/build/src/ipc/chromium/src/chrome/common/ipc_channel_win.cc, line 332
[Child 18728, Chrome_ChildThread] WARNING: pipe error: 109: file z:/build/build/src/ipc/chromium/src/chrome/common/ipc_channel_win.cc, line 332
[Child 18728, Chrome_ChildThread] [Child 3260, Chrome_ChildThread] WARNING: pipe error: 109: file z:/build/build/src/ipc/chromium/src/chrome/common/ipc_channel_win.cc, line 332
[Child 3260, Chrome_ChildThread] WAR1558530390081	addons.manager	DEBUG	shutdown
1558530390081	addons.manager	DEBUG	Calling shutdown blocker for XPIProvider
1558530390081	addons.xpi	DEBUG	shutdown
1558530390082	addons.xpi-utils	DEBUG	shutdown
1558530390082	addons.manager	DEBUG	Calling shutdown blocker for LightweightThemeManager
1558530390082	addons.manager	DEBUG	Calling shutdown blocker for GMPProvider
1558530390082	addons.manager	DEBUG	Calling shutdown blocker for PluginProvider
1558530390084	addons.manager	DEBUG	Async provider shutdown done
[Parent 14120, Gecko_IOThread] WARNING: file z:/build/build/src/ipc/chromium/src/base/process_util_win.cc, line 166
JavaScript error: resource://gre/modules/Sqlite.jsm, line 834: Error: Connection is not open.
[GPU 19948, C
###!!! [Child][RunMessage] Error: Channel closing: too late to send/recv, messages will be lost

hrome_ChildThread]
###!!! [Child][MessageChannel::SendAndWait] Error: Channel error: cannot send/recv


Build info: version: &apos;2.53.0&apos;, revision: &apos;35ae25b&apos;, time: &apos;2016-03-15 17:00:58&apos;
System info: host: &apos;A13-AnujBansal&apos;, ip: &apos;192.168.1.45&apos;, os.name: &apos;Windows 10&apos;, os.arch: &apos;amd64&apos;, os.version: &apos;10.0&apos;, java.version: &apos;1.8.0_201&apos;
Driver info: driver.version: FirefoxDriver
	at org.openqa.selenium.firefox.internal.NewProfileExtensionConnection.start(NewProfileExtensionConnection.java:124)
	at org.openqa.selenium.firefox.FirefoxDriver.startClient(FirefoxDriver.java:271)
	at org.openqa.selenium.remote.RemoteWebDriver.&lt;init&gt;(RemoteWebDriver.java:119)
	at org.openqa.selenium.firefox.FirefoxDriver.&lt;init&gt;(FirefoxDriver.java:218)
	at org.openqa.selenium.firefox.FirefoxDriver.&lt;init&gt;(FirefoxDriver.java:211)
	at org.openqa.selenium.firefox.FirefoxDriver.&lt;init&gt;(FirefoxDriver.java:207)
	at org.openqa.selenium.firefox.FirefoxDriver.&lt;init&gt;(FirefoxDriver.java:120)
	at testng_FramWork.Login.beforeTest(Login.java:33)
	at sun.reflect.NativeMethodAccessorImpl.invoke0(Native Method)
	at sun.reflect.NativeMethodAccessorImpl.invoke(Unknown Source)
	at sun.reflect.DelegatingMethodAccessorImpl.invoke(Unknown Source)
	at java.lang.reflect.Method.invoke(Unknown Source)
	at org.testng.internal.MethodInvocationHelper.invokeMethod(MethodInvocationHelper.java:124)
	at org.testng.internal.MethodInvocationHelper.invokeMethodConsideringTimeout(MethodInvocationHelper.java:59)
	at org.testng.internal.Invoker.invokeConfigurationMethod(Invoker.java:458)
	at org.testng.internal.Invoker.invokeConfigurations(Invoker.java:222)
	at org.testng.internal.Invoker.invokeConfigurations(Invoker.java:142)
	at org.testng.TestRunner.beforeRun(TestRunner.java:529)
	at org.testng.TestRunner.run(TestRunner.java:497)
	at org.testng.SuiteRunner.runTest(SuiteRunner.java:455)
	at org.testng.SuiteRunner.runSequentially(SuiteRunner.java:450)
	at org.testng.SuiteRunner.privateRun(SuiteRunner.java:415)
	at org.testng.SuiteRunner.run(SuiteRunner.java:364)
	at org.testng.SuiteRunnerWorker.runSuite(SuiteRunnerWorker.java:52)
	at org.testng.SuiteRunnerWorker.run(SuiteRunnerWorker.java:84)
	at org.testng.TestNG.runSuitesSequentially(TestNG.java:1208)
	at org.testng.TestNG.runSuitesLocally(TestNG.java:1137)
	at org.testng.TestNG.runSuites(TestNG.java:1049)
	at org.testng.TestNG.run(TestNG.java:1017)
	at org.testng.remote.AbstractRemoteTestNG.run(AbstractRemoteTestNG.java:115)
	at org.testng.remote.RemoteTestNG.initAndRun(RemoteTestNG.java:251)
	at org.testng.remote.RemoteTestNG.main(RemoteTestNG.java:77)
Caused by: org.openqa.selenium.firefox.NotConnectedException: Unable to connect to host 127.0.0.1 on port 7055 after 45000 ms. Firefox console output:
54	addons.xpi	DEBUG	Calling bootstrap method startup on screenshots@mozilla.org version 35.0.0
1558530385554	addons.xpi	DEBUG	Calling bootstrap method startup on webcompat@mozilla.org version 3.0.2
1558530385556	addons.manager	DEBUG	Registering shutdown blocker for XPIProvider
1558530385556	addons.manager	DEBUG	Provider finished startup: XPIProvider
1558530385556	addons.manager	DEBUG	Starting provider: LightweightThemeManager
1558530385556	addons.manager	DEBUG	Registering shutdown blocker for LightweightThemeManager
1558530385556	addons.manager	DEBUG	Provider finished startup: LightweightThemeManager
1558530385556	addons.manager	DEBUG	Starting provider: GMPProvider
1558530385559	addons.manager	DEBUG	Registering shutdown blocker for GMPProvider
1558530385559	addons.manager	DEBUG	Provider finished startup: GMPProvider
1558530385559	addons.manager	DEBUG	Starting provider: PluginProvider
1558530385559	addons.manager	DEBUG	Registering shutdown blocker for PluginProvider
1558530385559	addons.manager	DEBUG	Provider finished startup: PluginProvider
1558530385562	addons.manager	DEBUG	Completed startup sequence
1558530386558	addons.repository	DEBUG	No addons.json found.
1558530387198	addons.manager	DEBUG	Registering upgrade listener for formautofill@mozilla.org
1558530387276	addons.xpi	DEBUG	Ignoring file: name is not a valid add-on ID: C:\Users\HP\AppData\Local\Temp\anonymous2304941973705155483webdriver-profile\extensions\webdriver-staging
1558530387277	addons.xpi	DEBUG	Existing add-on formautofill@mozilla.org in app-system-defaults
1558530387277	addons.xpi	DEBUG	Existing add-on screenshots@mozilla.org in app-system-defaults
1558530387277	addons.xpi	DEBUG	Existing add-on webcompat-reporter@mozilla.org in app-system-defaults
1558530387277	addons.xpi	DEBUG	Existing add-on webcompat@mozilla.org in app-system-defaults
1558530387277	addons.xpi	DEBUG	scanForChanges changed: false, state: {}
JavaScript error: resource://gre/modules/addons/XPIProvider.jsm, line 2614: TypeError: addon is null
1558530389962	addons.xpi	DEBUG	Calling bootstrap method shutdown on webcompat@mozilla.org version 3.0.2
1558530389964	addons.xpi	DEBUG	Calling bootstrap method shutdown on screenshots@mozilla.org version 35.0.0
1558530389966	addons.xpi	DEBUG	Calling bootstrap method shutdown on formautofill@mozilla.org version 1.0
[Parent 14120, Gecko_IOThread] WARNING: pipe error: 109: file z:/build/build/src/ipc/chromium/src/chrome/common/ipc_channel_win.cc, line 332
[Child 18812, Chrome_ChildThread] WARNING: pipe error: 109: file z:/build/build/src/ipc/chromium/src/chrome/common/ipc_channel_win.cc, line 332
[Child 18812, Chrome_ChildThread] WARNING: pipe error: 109: file z:/build/build/src/ipc/chromium/src/chrome/common/ipc_channel_win.cc, line 332
[Child 18728, Chrome_ChildThread] WARNING: pipe error: 109: file z:/build/build/src/ipc/chromium/src/chrome/common/ipc_channel_win.cc, line 332
[Child 18728, Chrome_ChildThread] [Child 3260, Chrome_ChildThread] WARNING: pipe error: 109: file z:/build/build/src/ipc/chromium/src/chrome/common/ipc_channel_win.cc, line 332
[Child 3260, Chrome_ChildThread] WAR1558530390081	addons.manager	DEBUG	shutdown
1558530390081	addons.manager	DEBUG	Calling shutdown blocker for XPIProvider
1558530390081	addons.xpi	DEBUG	shutdown
1558530390082	addons.xpi-utils	DEBUG	shutdown
1558530390082	addons.manager	DEBUG	Calling shutdown blocker for LightweightThemeManager
1558530390082	addons.manager	DEBUG	Calling shutdown blocker for GMPProvider
1558530390082	addons.manager	DEBUG	Calling shutdown blocker for PluginProvider
1558530390084	addons.manager	DEBUG	Async provider shutdown done
[Parent 14120, Gecko_IOThread] WARNING: file z:/build/build/src/ipc/chromium/src/base/process_util_win.cc, line 166
JavaScript error: resource://gre/modules/Sqlite.jsm, line 834: Error: Connection is not open.
[GPU 19948, C
###!!! [Child][RunMessage] Error: Channel closing: too late to send/recv, messages will be lost

hrome_ChildThread]
###!!! [Child][MessageChannel::SendAndWait] Error: Channel error: cannot send/recv


	at org.openqa.selenium.firefox.internal.NewProfileExtensionConnection.start(NewProfileExtensionConnection.java:112)
	... 31 more
</div></td></tr></table><p class="totop"><a href="#summary">back to summary</a></p>
<h3 id="m1">testng_FramWork.Login#afterTest</h3><table class="result"><tr><th class="invisible"/></tr></table><p class="totop"><a href="#summary">back to summary</a></p>
<h3 id="m2">testng_FramWork.Login#Search</h3><table class="result"><tr><th>Exception</th></tr><tr><td><div class="stacktrace">org.openqa.selenium.WebDriverException: Failed to connect to binary FirefoxBinary(C:\Program Files\Mozilla Firefox\firefox.exe) on port 7055; process output follows: 
54	addons.xpi	DEBUG	Calling bootstrap method startup on screenshots@mozilla.org version 35.0.0
1558530385554	addons.xpi	DEBUG	Calling bootstrap method startup on webcompat@mozilla.org version 3.0.2
1558530385556	addons.manager	DEBUG	Registering shutdown blocker for XPIProvider
1558530385556	addons.manager	DEBUG	Provider finished startup: XPIProvider
1558530385556	addons.manager	DEBUG	Starting provider: LightweightThemeManager
1558530385556	addons.manager	DEBUG	Registering shutdown blocker for LightweightThemeManager
1558530385556	addons.manager	DEBUG	Provider finished startup: LightweightThemeManager
1558530385556	addons.manager	DEBUG	Starting provider: GMPProvider
1558530385559	addons.manager	DEBUG	Registering shutdown blocker for GMPProvider
1558530385559	addons.manager	DEBUG	Provider finished startup: GMPProvider
1558530385559	addons.manager	DEBUG	Starting provider: PluginProvider
1558530385559	addons.manager	DEBUG	Registering shutdown blocker for PluginProvider
1558530385559	addons.manager	DEBUG	Provider finished startup: PluginProvider
1558530385562	addons.manager	DEBUG	Completed startup sequence
1558530386558	addons.repository	DEBUG	No addons.json found.
1558530387198	addons.manager	DEBUG	Registering upgrade listener for formautofill@mozilla.org
1558530387276	addons.xpi	DEBUG	Ignoring file: name is not a valid add-on ID: C:\Users\HP\AppData\Local\Temp\anonymous2304941973705155483webdriver-profile\extensions\webdriver-staging
1558530387277	addons.xpi	DEBUG	Existing add-on formautofill@mozilla.org in app-system-defaults
1558530387277	addons.xpi	DEBUG	Existing add-on screenshots@mozilla.org in app-system-defaults
1558530387277	addons.xpi	DEBUG	Existing add-on webcompat-reporter@mozilla.org in app-system-defaults
1558530387277	addons.xpi	DEBUG	Existing add-on webcompat@mozilla.org in app-system-defaults
1558530387277	addons.xpi	DEBUG	scanForChanges changed: false, state: {}
JavaScript error: resource://gre/modules/addons/XPIProvider.jsm, line 2614: TypeError: addon is null
1558530389962	addons.xpi	DEBUG	Calling bootstrap method shutdown on webcompat@mozilla.org version 3.0.2
1558530389964	addons.xpi	DEBUG	Calling bootstrap method shutdown on screenshots@mozilla.org version 35.0.0
1558530389966	addons.xpi	DEBUG	Calling bootstrap method shutdown on formautofill@mozilla.org version 1.0
[Parent 14120, Gecko_IOThread] WARNING: pipe error: 109: file z:/build/build/src/ipc/chromium/src/chrome/common/ipc_channel_win.cc, line 332
[Child 18812, Chrome_ChildThread] WARNING: pipe error: 109: file z:/build/build/src/ipc/chromium/src/chrome/common/ipc_channel_win.cc, line 332
[Child 18812, Chrome_ChildThread] WARNING: pipe error: 109: file z:/build/build/src/ipc/chromium/src/chrome/common/ipc_channel_win.cc, line 332
[Child 18728, Chrome_ChildThread] WARNING: pipe error: 109: file z:/build/build/src/ipc/chromium/src/chrome/common/ipc_channel_win.cc, line 332
[Child 18728, Chrome_ChildThread] [Child 3260, Chrome_ChildThread] WARNING: pipe error: 109: file z:/build/build/src/ipc/chromium/src/chrome/common/ipc_channel_win.cc, line 332
[Child 3260, Chrome_ChildThread] WAR1558530390081	addons.manager	DEBUG	shutdown
1558530390081	addons.manager	DEBUG	Calling shutdown blocker for XPIProvider
1558530390081	addons.xpi	DEBUG	shutdown
1558530390082	addons.xpi-utils	DEBUG	shutdown
1558530390082	addons.manager	DEBUG	Calling shutdown blocker for LightweightThemeManager
1558530390082	addons.manager	DEBUG	Calling shutdown blocker for GMPProvider
1558530390082	addons.manager	DEBUG	Calling shutdown blocker for PluginProvider
1558530390084	addons.manager	DEBUG	Async provider shutdown done
[Parent 14120, Gecko_IOThread] WARNING: file z:/build/build/src/ipc/chromium/src/base/process_util_win.cc, line 166
JavaScript error: resource://gre/modules/Sqlite.jsm, line 834: Error: Connection is not open.
[GPU 19948, C
###!!! [Child][RunMessage] Error: Channel closing: too late to send/recv, messages will be lost

hrome_ChildThread]
###!!! [Child][MessageChannel::SendAndWait] Error: Channel error: cannot send/recv


Build info: version: &apos;2.53.0&apos;, revision: &apos;35ae25b&apos;, time: &apos;2016-03-15 17:00:58&apos;
System info: host: &apos;A13-AnujBansal&apos;, ip: &apos;192.168.1.45&apos;, os.name: &apos;Windows 10&apos;, os.arch: &apos;amd64&apos;, os.version: &apos;10.0&apos;, java.version: &apos;1.8.0_201&apos;
Driver info: driver.version: FirefoxDriver
	at org.openqa.selenium.firefox.internal.NewProfileExtensionConnection.start(NewProfileExtensionConnection.java:124)
	at org.openqa.selenium.firefox.FirefoxDriver.startClient(FirefoxDriver.java:271)
	at org.openqa.selenium.remote.RemoteWebDriver.&lt;init&gt;(RemoteWebDriver.java:119)
	at org.openqa.selenium.firefox.FirefoxDriver.&lt;init&gt;(FirefoxDriver.java:218)
	at org.openqa.selenium.firefox.FirefoxDriver.&lt;init&gt;(FirefoxDriver.java:211)
	at org.openqa.selenium.firefox.FirefoxDriver.&lt;init&gt;(FirefoxDriver.java:207)
	at org.openqa.selenium.firefox.FirefoxDriver.&lt;init&gt;(FirefoxDriver.java:120)
	at testng_FramWork.Login.beforeTest(Login.java:33)
	at sun.reflect.NativeMethodAccessorImpl.invoke0(Native Method)
	at sun.reflect.NativeMethodAccessorImpl.invoke(Unknown Source)
	at sun.reflect.DelegatingMethodAccessorImpl.invoke(Unknown Source)
	at java.lang.reflect.Method.invoke(Unknown Source)
	at org.testng.internal.MethodInvocationHelper.invokeMethod(MethodInvocationHelper.java:124)
	at org.testng.internal.MethodInvocationHelper.invokeMethodConsideringTimeout(MethodInvocationHelper.java:59)
	at org.testng.internal.Invoker.invokeConfigurationMethod(Invoker.java:458)
	at org.testng.internal.Invoker.invokeConfigurations(Invoker.java:222)
	at org.testng.internal.Invoker.invokeConfigurations(Invoker.java:142)
	at org.testng.TestRunner.beforeRun(TestRunner.java:529)
	at org.testng.TestRunner.run(TestRunner.java:497)
	at org.testng.SuiteRunner.runTest(SuiteRunner.java:455)
	at org.testng.SuiteRunner.runSequentially(SuiteRunner.java:450)
	at org.testng.SuiteRunner.privateRun(SuiteRunner.java:415)
	at org.testng.SuiteRunner.run(SuiteRunner.java:364)
	at org.testng.SuiteRunnerWorker.runSuite(SuiteRunnerWorker.java:52)
	at org.testng.SuiteRunnerWorker.run(SuiteRunnerWorker.java:84)
	at org.testng.TestNG.runSuitesSequentially(TestNG.java:1208)
	at org.testng.TestNG.runSuitesLocally(TestNG.java:1137)
	at org.testng.TestNG.runSuites(TestNG.java:1049)
	at org.testng.TestNG.run(TestNG.java:1017)
	at org.testng.remote.AbstractRemoteTestNG.run(AbstractRemoteTestNG.java:115)
	at org.testng.remote.RemoteTestNG.initAndRun(RemoteTestNG.java:251)
	at org.testng.remote.RemoteTestNG.main(RemoteTestNG.java:77)
Caused by: org.openqa.selenium.firefox.NotConnectedException: Unable to connect to host 127.0.0.1 on port 7055 after 45000 ms. Firefox console output:
54	addons.xpi	DEBUG	Calling bootstrap method startup on screenshots@mozilla.org version 35.0.0
1558530385554	addons.xpi	DEBUG	Calling bootstrap method startup on webcompat@mozilla.org version 3.0.2
1558530385556	addons.manager	DEBUG	Registering shutdown blocker for XPIProvider
1558530385556	addons.manager	DEBUG	Provider finished startup: XPIProvider
1558530385556	addons.manager	DEBUG	Starting provider: LightweightThemeManager
1558530385556	addons.manager	DEBUG	Registering shutdown blocker for LightweightThemeManager
1558530385556	addons.manager	DEBUG	Provider finished startup: LightweightThemeManager
1558530385556	addons.manager	DEBUG	Starting provider: GMPProvider
1558530385559	addons.manager	DEBUG	Registering shutdown blocker for GMPProvider
1558530385559	addons.manager	DEBUG	Provider finished startup: GMPProvider
1558530385559	addons.manager	DEBUG	Starting provider: PluginProvider
1558530385559	addons.manager	DEBUG	Registering shutdown blocker for PluginProvider
1558530385559	addons.manager	DEBUG	Provider finished startup: PluginProvider
1558530385562	addons.manager	DEBUG	Completed startup sequence
1558530386558	addons.repository	DEBUG	No addons.json found.
1558530387198	addons.manager	DEBUG	Registering upgrade listener for formautofill@mozilla.org
1558530387276	addons.xpi	DEBUG	Ignoring file: name is not a valid add-on ID: C:\Users\HP\AppData\Local\Temp\anonymous2304941973705155483webdriver-profile\extensions\webdriver-staging
1558530387277	addons.xpi	DEBUG	Existing add-on formautofill@mozilla.org in app-system-defaults
1558530387277	addons.xpi	DEBUG	Existing add-on screenshots@mozilla.org in app-system-defaults
1558530387277	addons.xpi	DEBUG	Existing add-on webcompat-reporter@mozilla.org in app-system-defaults
1558530387277	addons.xpi	DEBUG	Existing add-on webcompat@mozilla.org in app-system-defaults
1558530387277	addons.xpi	DEBUG	scanForChanges changed: false, state: {}
JavaScript error: resource://gre/modules/addons/XPIProvider.jsm, line 2614: TypeError: addon is null
1558530389962	addons.xpi	DEBUG	Calling bootstrap method shutdown on webcompat@mozilla.org version 3.0.2
1558530389964	addons.xpi	DEBUG	Calling bootstrap method shutdown on screenshots@mozilla.org version 35.0.0
1558530389966	addons.xpi	DEBUG	Calling bootstrap method shutdown on formautofill@mozilla.org version 1.0
[Parent 14120, Gecko_IOThread] WARNING: pipe error: 109: file z:/build/build/src/ipc/chromium/src/chrome/common/ipc_channel_win.cc, line 332
[Child 18812, Chrome_ChildThread] WARNING: pipe error: 109: file z:/build/build/src/ipc/chromium/src/chrome/common/ipc_channel_win.cc, line 332
[Child 18812, Chrome_ChildThread] WARNING: pipe error: 109: file z:/build/build/src/ipc/chromium/src/chrome/common/ipc_channel_win.cc, line 332
[Child 18728, Chrome_ChildThread] WARNING: pipe error: 109: file z:/build/build/src/ipc/chromium/src/chrome/common/ipc_channel_win.cc, line 332
[Child 18728, Chrome_ChildThread] [Child 3260, Chrome_ChildThread] WARNING: pipe error: 109: file z:/build/build/src/ipc/chromium/src/chrome/common/ipc_channel_win.cc, line 332
[Child 3260, Chrome_ChildThread] WAR1558530390081	addons.manager	DEBUG	shutdown
1558530390081	addons.manager	DEBUG	Calling shutdown blocker for XPIProvider
1558530390081	addons.xpi	DEBUG	shutdown
1558530390082	addons.xpi-utils	DEBUG	shutdown
1558530390082	addons.manager	DEBUG	Calling shutdown blocker for LightweightThemeManager
1558530390082	addons.manager	DEBUG	Calling shutdown blocker for GMPProvider
1558530390082	addons.manager	DEBUG	Calling shutdown blocker for PluginProvider
1558530390084	addons.manager	DEBUG	Async provider shutdown done
[Parent 14120, Gecko_IOThread] WARNING: file z:/build/build/src/ipc/chromium/src/base/process_util_win.cc, line 166
JavaScript error: resource://gre/modules/Sqlite.jsm, line 834: Error: Connection is not open.
[GPU 19948, C
###!!! [Child][RunMessage] Error: Channel closing: too late to send/recv, messages will be lost

hrome_ChildThread]
###!!! [Child][MessageChannel::SendAndWait] Error: Channel error: cannot send/recv


	at org.openqa.selenium.firefox.internal.NewProfileExtensionConnection.start(NewProfileExtensionConnection.java:112)
	... 31 more
</div></td></tr></table><p class="totop"><a href="#summary">back to summary</a></p>
</body>
</html>
